<?xml version="1.0" encoding="UTF-8"?>
<testng-results skipped="0" failed="0" ignored="0" total="1" passed="1">
  <reporter-output>
  </reporter-output>
  <suite name="Default suite" duration-ms="4984" started-at="2020-08-19T19:29:37 IST" finished-at="2020-08-19T19:29:42 IST">
    <groups>
    </groups>
    <test name="Default test" duration-ms="4984" started-at="2020-08-19T19:29:37 IST" finished-at="2020-08-19T19:29:42 IST">
      <class name="com.newproject.Case1">
        <test-method status="PASS" signature="Case1()[pri:0, instance:com.newproject.Case1@402e37bc]" name="Case1" duration-ms="4884" started-at="2020-08-19T19:29:37 IST" finished-at="2020-08-19T19:29:42 IST">
          <reporter-output>
          </reporter-output>
        </test-method> <!-- Case1 -->
      </class> <!-- com.newproject.Case1 -->
    </test> <!-- Default test -->
  </suite> <!-- Default suite -->
</testng-results>
