<?xml version="1.0" encoding="UTF-8"?>
<testng-results skipped="0" failed="0" ignored="0" total="1" passed="1">
  <reporter-output>
  </reporter-output>
  <suite name="Default suite" duration-ms="3290" started-at="2020-08-19T17:38:28 IST" finished-at="2020-08-19T17:38:31 IST">
    <groups>
    </groups>
    <test name="Default test" duration-ms="3290" started-at="2020-08-19T17:38:28 IST" finished-at="2020-08-19T17:38:31 IST">
      <class name="com.microsoft.Codestatus">
        <test-method status="PASS" signature="Case1()[pri:0, instance:com.microsoft.Codestatus@262b2c86]" name="Case1" duration-ms="3228" started-at="2020-08-19T17:38:28 IST" finished-at="2020-08-19T17:38:31 IST">
          <reporter-output>
          </reporter-output>
        </test-method> <!-- Case1 -->
      </class> <!-- com.microsoft.Codestatus -->
    </test> <!-- Default test -->
  </suite> <!-- Default suite -->
</testng-results>
