<?xml version="1.0" encoding="UTF-8"?>
<testng-results skipped="0" failed="0" ignored="0" total="1" passed="1">
  <reporter-output>
  </reporter-output>
  <suite name="Suite" duration-ms="2843" started-at="2020-08-17T16:44:55 IST" finished-at="2020-08-17T16:44:58 IST">
    <groups>
    </groups>
    <test name="Test" duration-ms="2843" started-at="2020-08-17T16:44:55 IST" finished-at="2020-08-17T16:44:58 IST">
      <class name="com.Scenario.Case1">
        <test-method status="PASS" signature="Case1()[pri:0, instance:com.Scenario.Case1@7b69c6ba]" name="Case1" duration-ms="2794" started-at="2020-08-17T16:44:55 IST" finished-at="2020-08-17T16:44:58 IST">
          <reporter-output>
          </reporter-output>
        </test-method> <!-- Case1 -->
      </class> <!-- com.Scenario.Case1 -->
    </test> <!-- Test -->
  </suite> <!-- Suite -->
</testng-results>
