<?xml version="1.0" encoding="UTF-8"?>
<testng-results skipped="0" failed="0" ignored="0" total="1" passed="1">
  <reporter-output>
  </reporter-output>
  <suite name="Default suite" duration-ms="3200" started-at="2020-08-19T23:34:56 IST" finished-at="2020-08-19T23:34:59 IST">
    <groups>
    </groups>
    <test name="Default test" duration-ms="3200" started-at="2020-08-19T23:34:56 IST" finished-at="2020-08-19T23:34:59 IST">
      <class name="com.JenkinTest.VerifyStatus">
        <test-method status="PASS" signature="Case1()[pri:0, instance:com.JenkinTest.VerifyStatus@646007f4]" name="Case1" duration-ms="3156" started-at="2020-08-19T23:34:56 IST" finished-at="2020-08-19T23:34:59 IST">
          <reporter-output>
          </reporter-output>
        </test-method> <!-- Case1 -->
      </class> <!-- com.JenkinTest.VerifyStatus -->
    </test> <!-- Default test -->
  </suite> <!-- Default suite -->
</testng-results>
